<?xml version="1.0" encoding="UTF-8"?>
<testsuite name="SortingTest" tests="1" skipped="0" failures="0" errors="0" timestamp="2018-01-29T09:22:20" hostname="Tims-MBP.fritz.box" time="0.001">
  <properties/>
  <testcase name="testQuickSort" classname="SortingTest" time="0.001"/>
  <system-out><![CDATA[]]></system-out>
  <system-err><![CDATA[]]></system-err>
</testsuite>
