<?xml version="1.0" encoding="UTF-8"?>
<testsuite name="SearchTest" tests="1" skipped="0" failures="0" errors="0" timestamp="2018-01-31T08:08:15" hostname="Tims-MacBook-Pro.local" time="0.002">
  <properties/>
  <testcase name="testMedianOfMedians" classname="SearchTest" time="0.002"/>
  <system-out><![CDATA[]]></system-out>
  <system-err><![CDATA[]]></system-err>
</testsuite>
