<?xml version="1.0" encoding="UTF-8"?>
<testsuite name="SearchTreeTest" tests="2" skipped="0" failures="0" errors="0" timestamp="2018-02-01T21:09:19" hostname="ThrasoltLaptop" time="0.001">
  <properties/>
  <testcase name="testSrchTrees" classname="SearchTreeTest" time="0.001"/>
  <testcase name="testSorting" classname="SearchTreeTest" time="0.0"/>
  <system-out><![CDATA[]]></system-out>
  <system-err><![CDATA[]]></system-err>
</testsuite>
