<?xml version="1.0" encoding="UTF-8"?>
<testsuite name="AppTest" tests="3" skipped="0" failures="0" errors="0" timestamp="2018-01-26T09:42:19" hostname="Tims-MacBook-Pro.local" time="0.003">
  <properties/>
  <testcase name="testSrchTrees" classname="AppTest" time="0.002"/>
  <testcase name="testAppHasAGreeting" classname="AppTest" time="0.001"/>
  <testcase name="testSorting" classname="AppTest" time="0.0"/>
  <system-out><![CDATA[]]></system-out>
  <system-err><![CDATA[]]></system-err>
</testsuite>
